0 info it worked if it ends with ok
1 verbose cli [ '/usr/local/bin/node', '/usr/local/bin/npm', 'run', 'deploy' ]
2 info using npm@3.10.10
3 info using node@v6.10.2
4 verbose run-script [ 'predeploy', 'deploy', 'postdeploy' ]
5 info lifecycle typing_game@1.0.0~predeploy: typing_game@1.0.0
6 silly lifecycle typing_game@1.0.0~predeploy: no script for predeploy, continuing
7 info lifecycle typing_game@1.0.0~deploy: typing_game@1.0.0
8 verbose lifecycle typing_game@1.0.0~deploy: unsafe-perm in lifecycle true
9 verbose lifecycle typing_game@1.0.0~deploy: PATH: /usr/local/lib/node_modules/npm/bin/node-gyp-bin:/Users/kahlilashanti2/Projects/Javascript/typing_game/node_modules/.bin:/Users/kahlilashanti2/.rvm/gems/ruby-2.4.0/bin:/Users/kahlilashanti2/.rvm/gems/ruby-2.4.0@global/bin:/Users/kahlilashanti2/.rvm/rubies/ruby-2.4.0/bin:/usr/local/bin:/usr/bin:/bin:/usr/sbin:/sbin:/opt/ImageMagick/bin:/Users/kahlilashanti2/.rvm/bin
10 verbose lifecycle typing_game@1.0.0~deploy: CWD: /Users/kahlilashanti2/Projects/Javascript/typing_game
11 silly lifecycle typing_game@1.0.0~deploy: Args: [ '-c', 'gh-pages -d typing_game' ]
12 silly lifecycle typing_game@1.0.0~deploy: Returned: code: 1  signal: null
13 info lifecycle typing_game@1.0.0~deploy: Failed to exec deploy script
14 verbose stack Error: typing_game@1.0.0 deploy: `gh-pages -d typing_game`
14 verbose stack Exit status 1
14 verbose stack     at EventEmitter.<anonymous> (/usr/local/lib/node_modules/npm/lib/utils/lifecycle.js:255:16)
14 verbose stack     at emitTwo (events.js:106:13)
14 verbose stack     at EventEmitter.emit (events.js:191:7)
14 verbose stack     at ChildProcess.<anonymous> (/usr/local/lib/node_modules/npm/lib/utils/spawn.js:40:14)
14 verbose stack     at emitTwo (events.js:106:13)
14 verbose stack     at ChildProcess.emit (events.js:191:7)
14 verbose stack     at maybeClose (internal/child_process.js:886:16)
14 verbose stack     at Process.ChildProcess._handle.onexit (internal/child_process.js:226:5)
15 verbose pkgid typing_game@1.0.0
16 verbose cwd /Users/kahlilashanti2/Projects/Javascript/typing_game
17 error Darwin 17.3.0
18 error argv "/usr/local/bin/node" "/usr/local/bin/npm" "run" "deploy"
19 error node v6.10.2
20 error npm  v3.10.10
21 error code ELIFECYCLE
22 error typing_game@1.0.0 deploy: `gh-pages -d typing_game`
22 error Exit status 1
23 error Failed at the typing_game@1.0.0 deploy script 'gh-pages -d typing_game'.
23 error Make sure you have the latest version of node.js and npm installed.
23 error If you do, this is most likely a problem with the typing_game package,
23 error not with npm itself.
23 error Tell the author that this fails on your system:
23 error     gh-pages -d typing_game
23 error You can get information on how to open an issue for this project with:
23 error     npm bugs typing_game
23 error Or if that isn't available, you can get their info via:
23 error     npm owner ls typing_game
23 error There is likely additional logging output above.
24 verbose exit [ 1, true ]
